<?xml version="1.0" encoding="UTF-8"?>
<!-- Generated by org.testng.reporters.JUnitReportReporter -->
<testsuite hostname="HMECL006686" failures="0" tests="2" name="testNG.Test1" time="0.008" errors="0" timestamp="2024-01-24T18:01:01 IST" skipped="0">
  <testcase classname="testNG.Test1" name="runTestNG" time="0.007"/>
  <system-out/>
  <testcase classname="testNG.Test1" name="runTestNG2" time="0.001"/>
  <system-out/>
</testsuite> <!-- testNG.Test1 -->
