<?xml version="1.0" encoding="UTF-8"?>
<!-- Generated by org.testng.reporters.JUnitReportReporter -->
<testsuite hostname="HMECL006686" failures="0" tests="1" name="com.herokuapp.theinternet.PositiveTests" time="10.968" errors="0" timestamp="2024-01-17T19:00:33 IST" skipped="0">
  <testcase classname="com.herokuapp.theinternet.PositiveTests" name="loginTest" time="10.968"/>
  <system-out/>
</testsuite> <!-- com.herokuapp.theinternet.PositiveTests -->
