<?xml version="1.0" encoding="UTF-8"?>
<!-- Generated by org.testng.reporters.JUnitReportReporter -->
<testsuite hostname="HMECL006686" failures="0" tests="7" name="testNG.Test_CarLoan" time="0.013" errors="0" timestamp="2024-01-24T18:01:01 IST" skipped="1">
  <testcase classname="testNG.Test_CarLoan" name="WebLoginCarLoan" time="0.002"/>
  <system-out/>
  <testcase classname="testNG.Test_CarLoan" name="MobileLoginCarLoan" time="0.002"/>
  <system-out/>
  <testcase classname="testNG.Test_CarLoan" name="dataPro" time="0.003"/>
  <system-out/>
  <testcase classname="testNG.Test_CarLoan" name="testParameters" time="0.003"/>
  <system-out/>
  <testcase classname="testNG.Test_CarLoan" name="dataPro" time="0.001"/>
  <system-out/>
  <testcase classname="testNG.Test_CarLoan" name="dataPro" time="0.002"/>
  <system-out/>
  <testcase classname="testNG.Test_CarLoan" name="LoginAPICarLoan">
    <skipped/>
  </testcase> <!-- LoginAPICarLoan -->
  <system-out/>
</testsuite> <!-- testNG.Test_CarLoan -->
