<?xml version="1.0" encoding="UTF-8"?>
<!-- Generated by org.testng.reporters.JUnitReportReporter -->
<testsuite hostname="HMECL006686" failures="0" tests="2" name="testNG.Test_HomeLoan" time="0.002" errors="0" timestamp="2024-01-24T18:01:01 IST" skipped="0">
  <testcase classname="testNG.Test_HomeLoan" name="LoginAPIHomeLoan" time="0.001"/>
  <system-out/>
  <testcase classname="testNG.Test_HomeLoan" name="MobileLoginHomeLoan" time="0.001"/>
  <system-out/>
</testsuite> <!-- testNG.Test_HomeLoan -->
