<?xml version="1.0" encoding="UTF-8"?>
<!-- Generated by org.testng.reporters.JUnitReportReporter -->
<testsuite hostname="HMECL006686" failures="0" tests="3" name="testNG.UsingTestNGDynamicJson" time="3.313" errors="0" timestamp="2024-02-02T15:46:19 IST" skipped="0">
  <testcase classname="testNG.UsingTestNGDynamicJson" name="adBook" time="3.113"/>
  <system-out/>
  <testcase classname="testNG.UsingTestNGDynamicJson" name="adBook" time="0.105"/>
  <system-out/>
  <testcase classname="testNG.UsingTestNGDynamicJson" name="adBook" time="0.095"/>
  <system-out/>
</testsuite> <!-- testNG.UsingTestNGDynamicJson -->
