<?xml version="1.0" encoding="UTF-8"?>
<!-- Generated by org.testng.reporters.JUnitReportReporter -->
<testsuite hostname="HMECL006686" failures="0" tests="1" name="com.herokuapp.theinternet.NegativeTestsIncorrectPassword" time="8.300" errors="0" timestamp="2024-01-17T18:36:56 IST" skipped="0">
  <testcase classname="com.herokuapp.theinternet.NegativeTestsIncorrectPassword" name="loginTest" time="8.300"/>
  <system-out/>
</testsuite> <!-- com.herokuapp.theinternet.NegativeTestsIncorrectPassword -->
