<?xml version="1.0" encoding="UTF-8"?>
<!-- Generated by org.testng.reporters.JUnitReportReporter -->
<testsuite hostname="HMECL006686" failures="0" tests="1" name="com.herokuapp.theinternet.NegativeTests" time="10.595" errors="0" timestamp="2024-01-18T12:59:01 IST" skipped="0">
  <testcase classname="com.herokuapp.theinternet.NegativeTests" name="negativeLoginTest" time="10.595"/>
  <system-out/>
</testsuite> <!-- com.herokuapp.theinternet.NegativeTests -->
